
Showing logs for build [32mcb-kubecd-environment-pr-1312-2-rzm2r-1[0m stage [32mfrom-build-pack[0m and container [32mstep-credential-initializer-sjzn9[0m
{"level":"warn","ts":1585092504.4688847,"logger":"fallback-logger","caller":"logging/config.go:69","msg":"Fetch GitHub commit ID from kodata failed: \"ref: refs/heads/0.8.0-**-support-backwards-incompats\" is not a valid GitHub commit ID"}
{"level":"info","ts":1585092504.4697828,"logger":"fallback-logger","caller":"creds-init/main.go:40","msg":"Credentials initialized."}

Showing logs for build [32mcb-kubecd-environment-pr-1312-2-rzm2r-1[0m stage [32mfrom-build-pack[0m and container [32mstep-working-dir-initializer-qxlzg[0m
{"level":"warn","ts":1585092505.233036,"logger":"fallback-logger","caller":"logging/config.go:69","msg":"Fetch GitHub commit ID from kodata failed: open /var/run/ko/HEAD: no such file or directory"}
{"level":"info","ts":1585092505.2382362,"logger":"fallback-logger","caller":"bash/main.go:64","msg":"Successfully executed command \"sh -c mkdir -p /workspace/source\"; output "}

Showing logs for build [32mcb-kubecd-environment-pr-1312-2-rzm2r-1[0m stage [32mfrom-build-pack[0m and container [32mstep-place-tools[0m

Showing logs for build [32mcb-kubecd-environment-pr-1312-2-rzm2r-1[0m stage [32mfrom-build-pack[0m and container [32mstep-git-source-cb-kubecd-environment-pr-1312-2-rzm2r-7s882[0m
{"level":"warn","ts":1585092509.3284879,"logger":"fallback-logger","caller":"logging/config.go:69","msg":"Fetch GitHub commit ID from kodata failed: \"ref: refs/heads/0.8.0-**-support-backwards-incompats\" is not a valid GitHub commit ID"}
{"level":"info","ts":1585092510.3820925,"logger":"fallback-logger","caller":"git/git.go:103","msg":"Successfully cloned https://github.com/cb-kubecd/environment-pr-1312-2-bdd-frontend-staging.git @ master in path /workspace/source"}

Showing logs for build [32mcb-kubecd-environment-pr-1312-2-rzm2r-1[0m stage [32mfrom-build-pack[0m and container [32mstep-git-merge[0m
Using SHAs from PULL_REFS=master:289317eb46d2f87b13b0177c37a4ed84c874ac56,1:997cda46876d115f93dcf42bb20b9b720333adbd
DEBUG: LC_ALL=C JX_LOG_LEVEL=error git fetch origin --unshallow 997cda46876d115f93dcf42bb20b9b720333adbd: 289317eb46d2f87b13b0177c37a4ed84c874ac56:
DEBUG: ran git fetch --unshallow origin 997cda46876d115f93dcf42bb20b9b720333adbd: 289317eb46d2f87b13b0177c37a4ed84c874ac56: in 
DEBUG: LC_ALL=C JX_LOG_LEVEL=error git branch
DEBUG: LC_ALL=C JX_LOG_LEVEL=error git checkout master
DEBUG: ran git checkout master in 
DEBUG: JX_LOG_LEVEL=error LC_ALL=C git reset --hard 289317eb46d2f87b13b0177c37a4ed84c874ac56
DEBUG: ran git reset --hard 289317eb46d2f87b13b0177c37a4ed84c874ac56 in 
DEBUG: LC_ALL=C JX_LOG_LEVEL=error git clean -fd .
DEBUG: ran clean --force -d . in 
DEBUG: LC_ALL=C JX_LOG_LEVEL=error git merge 997cda46876d115f93dcf42bb20b9b720333adbd
DEBUG: ran git merge 997cda46876d115f93dcf42bb20b9b720333adbd in 
DEBUG: LC_ALL=C JX_LOG_LEVEL=error git log --format=%H%x1f%an%x1f%ae%x1f%cn%x1f%ce%x1f%s%n%b%x1e 289317eb46d2f87b13b0177c37a4ed84c874ac56..HEAD
Merged SHA 997cda46876d115f93dcf42bb20b9b720333adbd with commit message 'chore: Promote bdd-nh-1585091404 to version 0.0.1' into base branch master

Showing logs for build [32mcb-kubecd-environment-pr-1312-2-rzm2r-1[0m stage [32mfrom-build-pack[0m and container [32mstep-build-helm-build[0m
WARNING: No $CHART_REPOSITORY defined so using the default value of: http://jenkins-x-chartmuseum:8080
Adding missing Helm repo: storage.googleapis.com https://storage.googleapis.com/chartmuseum.jenkins-x.io
WARNING: No secrets found on "helm/repos" due: reading the secret "helm/repos" from vault: no secret "helm/repos" not found in vault
Read credentials for https://storage.googleapis.com/chartmuseum.jenkins-x.io from vault helm/repos
Successfully added Helm repository storage.googleapis.com.
Adding missing Helm repo: jenkins-x-chartmuseum http://jenkins-x-chartmuseum:8080
WARNING: No secrets found on "helm/repos" due: reading the secret "helm/repos" from vault: no secret "helm/repos" not found in vault
Read credentials for http://jenkins-x-chartmuseum:8080 from vault helm/repos
Successfully added Helm repository jenkins-x-chartmuseum.
WARNING: No $CHART_REPOSITORY defined so using the default value of: http://jenkins-x-chartmuseum:8080
Adding missing Helm repo: chartmuseum.jenkins-x.io http://chartmuseum.jenkins-x.io
WARNING: No secrets found on "helm/repos" due: reading the secret "helm/repos" from vault: no secret "helm/repos" not found in vault
Read credentials for http://chartmuseum.jenkins-x.io from vault helm/repos
Successfully added Helm repository chartmuseum.jenkins-x.io.
